[2025-11-16 16:50:46] [Info] [New-SimulatedSharePointSites] Configuration loaded for site creation
[2025-11-16 16:51:00] [Success] [New-SimulatedSharePointSites] Created site: HR-Simulation at https://marcusjcloud.sharepoint.com/sites/HR-Simulation
[2025-11-16 16:51:18] [Success] [New-SimulatedSharePointSites] Created site: Finance-Simulation at https://marcusjcloud.sharepoint.com/sites/Finance-Simulation
[2025-11-16 16:51:35] [Success] [New-SimulatedSharePointSites] Created site: Legal-Simulation at https://marcusjcloud.sharepoint.com/sites/Legal-Simulation
[2025-11-16 16:51:54] [Success] [New-SimulatedSharePointSites] Created site: Marketing-Simulation at https://marcusjcloud.sharepoint.com/sites/Marketing-Simulation
[2025-11-16 16:52:12] [Success] [New-SimulatedSharePointSites] Created site: IT-Simulation at https://marcusjcloud.sharepoint.com/sites/IT-Simulation
[2025-11-16 16:57:57] [Info] [New-SimulatedSharePointSites] Configuration loaded for site creation
[2025-11-16 16:58:03] [Success] [New-SimulatedSharePointSites] Created site: HR-Simulation at https://marcusjcloud.sharepoint.com/sites/HR-Simulation
[2025-11-16 16:58:06] [Success] [New-SimulatedSharePointSites] Created site: Finance-Simulation at https://marcusjcloud.sharepoint.com/sites/Finance-Simulation
[2025-11-16 16:58:09] [Success] [New-SimulatedSharePointSites] Created site: Legal-Simulation at https://marcusjcloud.sharepoint.com/sites/Legal-Simulation
[2025-11-16 16:58:12] [Success] [New-SimulatedSharePointSites] Created site: Marketing-Simulation at https://marcusjcloud.sharepoint.com/sites/Marketing-Simulation
[2025-11-16 16:58:15] [Success] [New-SimulatedSharePointSites] Created site: IT-Simulation at https://marcusjcloud.sharepoint.com/sites/IT-Simulation
[2025-11-16 16:59:45] [Success] [New-SimulatedSharePointSites] SharePoint site creation completed successfully
[2025-11-16 17:14:11] [Info] [New-SimulatedSharePointSites] Configuration loaded for site creation
[2025-11-16 17:14:21] [Success] [New-SimulatedSharePointSites] Created site: HR-Simulation at https://marcusjcloud.sharepoint.com/sites/HR-Simulation
[2025-11-16 17:14:24] [Success] [New-SimulatedSharePointSites] Created site: Finance-Simulation at https://marcusjcloud.sharepoint.com/sites/Finance-Simulation
[2025-11-16 17:14:27] [Success] [New-SimulatedSharePointSites] Created site: Legal-Simulation at https://marcusjcloud.sharepoint.com/sites/Legal-Simulation
[2025-11-16 17:14:30] [Success] [New-SimulatedSharePointSites] Created site: Marketing-Simulation at https://marcusjcloud.sharepoint.com/sites/Marketing-Simulation
[2025-11-16 17:14:33] [Success] [New-SimulatedSharePointSites] Created site: IT-Simulation at https://marcusjcloud.sharepoint.com/sites/IT-Simulation
[2025-11-16 17:17:19] [Success] [New-SimulatedSharePointSites] SharePoint site creation completed successfully
[2025-11-16 17:19:33] [Info] [New-SimulatedSharePointSites] Configuration loaded for site creation
[2025-11-16 17:19:43] [Success] [New-SimulatedSharePointSites] Created site: HR-Simulation at https://marcusjcloud.sharepoint.com/sites/HR-Simulation
[2025-11-16 17:19:46] [Success] [New-SimulatedSharePointSites] Created site: Finance-Simulation at https://marcusjcloud.sharepoint.com/sites/Finance-Simulation
[2025-11-16 17:19:49] [Success] [New-SimulatedSharePointSites] Created site: Legal-Simulation at https://marcusjcloud.sharepoint.com/sites/Legal-Simulation
[2025-11-16 17:19:52] [Success] [New-SimulatedSharePointSites] Created site: Marketing-Simulation at https://marcusjcloud.sharepoint.com/sites/Marketing-Simulation
[2025-11-16 17:19:55] [Success] [New-SimulatedSharePointSites] Created site: IT-Simulation at https://marcusjcloud.sharepoint.com/sites/IT-Simulation
[2025-11-16 17:21:36] [Info] [New-SimulatedSharePointSites] Site creation report saved: C:\REPO\GitHub\Projects\Microsoft\Purview\Purview-Data-Governance-Simulation\reports\site-creation-report-2025-11-16-172136.json
[2025-11-16 17:21:37] [Success] [New-SimulatedSharePointSites] SharePoint site creation completed successfully
